<?xml version="1.0" encoding="UTF-8"?>
<testsuite xmlns:xsi="http://www.w3.org/2001/XMLSchema-instance" xsi:noNamespaceSchemaLocation="https://maven.apache.org/surefire/maven-surefire-plugin/xsd/surefire-test-report-3.0.xsd" version="3.0" name="cr.go.ucr.examen1.ComisionVentaTest" time="0.224" tests="20" errors="0" skipped="0" failures="0">
  <properties>
    <property name="java.specification.version" value="17"/>
    <property name="sun.cpu.isalist" value="amd64"/>
    <property name="sun.jnu.encoding" value="Cp1252"/>
    <property name="java.class.path" value="C:\Users\luise\Documents\GitHub\Examen1\Examen1\target\test-classes;C:\Users\luise\Documents\GitHub\Examen1\Examen1\target\classes;C:\Users\luise\.m2\repository\org\junit\jupiter\junit-jupiter-api\5.6.0\junit-jupiter-api-5.6.0.jar;C:\Users\luise\.m2\repository\org\apiguardian\apiguardian-api\1.1.0\apiguardian-api-1.1.0.jar;C:\Users\luise\.m2\repository\org\opentest4j\opentest4j\1.2.0\opentest4j-1.2.0.jar;C:\Users\luise\.m2\repository\org\junit\platform\junit-platform-commons\1.6.0\junit-platform-commons-1.6.0.jar;C:\Users\luise\.m2\repository\org\junit\jupiter\junit-jupiter-params\5.6.0\junit-jupiter-params-5.6.0.jar;C:\Users\luise\.m2\repository\org\junit\jupiter\junit-jupiter-engine\5.6.0\junit-jupiter-engine-5.6.0.jar;C:\Users\luise\.m2\repository\org\junit\platform\junit-platform-engine\1.6.0\junit-platform-engine-1.6.0.jar;"/>
    <property name="java.vm.vendor" value="Oracle Corporation"/>
    <property name="sun.arch.data.model" value="64"/>
    <property name="user.variant" value=""/>
    <property name="java.vendor.url" value="https://java.oracle.com/"/>
    <property name="user.timezone" value="America/Costa_Rica"/>
    <property name="os.name" value="Windows 11"/>
    <property name="java.vm.specification.version" value="17"/>
    <property name="user.country" value="US"/>
    <property name="sun.java.launcher" value="SUN_STANDARD"/>
    <property name="sun.boot.library.path" value="C:\Users\luise\Documents\NetBeansJDKs\openjdk-17.0.2_windows-x64_bin\jdk-17.0.2\bin"/>
    <property name="sun.java.command" value="C:\Users\luise\AppData\Local\Temp\surefire14651763212381721818\surefirebooter-20241203151645389_3.jar C:\Users\luise\AppData\Local\Temp\surefire14651763212381721818 2024-12-03T15-16-44_913-jvmRun1 surefire-20241203151645389_1tmp surefire_0-20241203151645389_2tmp"/>
    <property name="jdk.debug" value="release"/>
    <property name="surefire.test.class.path" value="C:\Users\luise\Documents\GitHub\Examen1\Examen1\target\test-classes;C:\Users\luise\Documents\GitHub\Examen1\Examen1\target\classes;C:\Users\luise\.m2\repository\org\junit\jupiter\junit-jupiter-api\5.6.0\junit-jupiter-api-5.6.0.jar;C:\Users\luise\.m2\repository\org\apiguardian\apiguardian-api\1.1.0\apiguardian-api-1.1.0.jar;C:\Users\luise\.m2\repository\org\opentest4j\opentest4j\1.2.0\opentest4j-1.2.0.jar;C:\Users\luise\.m2\repository\org\junit\platform\junit-platform-commons\1.6.0\junit-platform-commons-1.6.0.jar;C:\Users\luise\.m2\repository\org\junit\jupiter\junit-jupiter-params\5.6.0\junit-jupiter-params-5.6.0.jar;C:\Users\luise\.m2\repository\org\junit\jupiter\junit-jupiter-engine\5.6.0\junit-jupiter-engine-5.6.0.jar;C:\Users\luise\.m2\repository\org\junit\platform\junit-platform-engine\1.6.0\junit-platform-engine-1.6.0.jar;"/>
    <property name="sun.cpu.endian" value="little"/>
    <property name="user.home" value="C:\Users\luise"/>
    <property name="user.language" value="en"/>
    <property name="java.specification.vendor" value="Oracle Corporation"/>
    <property name="java.version.date" value="2022-01-18"/>
    <property name="java.home" value="C:\Users\luise\Documents\NetBeansJDKs\openjdk-17.0.2_windows-x64_bin\jdk-17.0.2"/>
    <property name="file.separator" value="\"/>
    <property name="basedir" value="C:\Users\luise\Documents\GitHub\Examen1\Examen1"/>
    <property name="java.vm.compressedOopsMode" value="Zero based"/>
    <property name="line.separator" value="&#10;"/>
    <property name="java.vm.specification.vendor" value="Oracle Corporation"/>
    <property name="java.specification.name" value="Java Platform API Specification"/>
    <property name="surefire.real.class.path" value="C:\Users\luise\AppData\Local\Temp\surefire14651763212381721818\surefirebooter-20241203151645389_3.jar"/>
    <property name="user.script" value=""/>
    <property name="sun.management.compiler" value="HotSpot 64-Bit Tiered Compilers"/>
    <property name="java.runtime.version" value="17.0.2+8-86"/>
    <property name="user.name" value="luise"/>
    <property name="path.separator" value=";"/>
    <property name="os.version" value="10.0"/>
    <property name="java.runtime.name" value="OpenJDK Runtime Environment"/>
    <property name="file.encoding" value="Cp1252"/>
    <property name="java.vm.name" value="OpenJDK 64-Bit Server VM"/>
    <property name="skipTests" value="false"/>
    <property name="maven.ext.class.path" value="C:\Program Files\NetBeans-23\netbeans\java\maven-nblib\netbeans-eventspy.jar"/>
    <property name="localRepository" value="C:\Users\luise\.m2\repository"/>
    <property name="java.vendor.url.bug" value="https://bugreport.java.com/bugreport/"/>
    <property name="java.io.tmpdir" value="C:\Users\luise\AppData\Local\Temp\"/>
    <property name="java.version" value="17.0.2"/>
    <property name="user.dir" value="C:\Users\luise\Documents\GitHub\Examen1\Examen1"/>
    <property name="os.arch" value="amd64"/>
    <property name="java.vm.specification.name" value="Java Virtual Machine Specification"/>
    <property name="sun.os.patch.level" value=""/>
    <property name="native.encoding" value="Cp1252"/>
    <property name="java.library.path" value="C:\Users\luise\Documents\NetBeansJDKs\openjdk-17.0.2_windows-x64_bin\jdk-17.0.2\bin;C:\WINDOWS\Sun\Java\bin;C:\WINDOWS\system32;C:\WINDOWS;C:\Program Files\Common Files\Oracle\Java\javapath;C:\WINDOWS\system32;C:\WINDOWS;C:\WINDOWS\System32\Wbem;C:\WINDOWS\System32\WindowsPowerShell\v1.0\;C:\WINDOWS\System32\OpenSSH\;C:\Program Files (x86)\NVIDIA Corporation\PhysX\Common;C:\Program Files\Microsoft SQL Server\150\Tools\Binn\;C:\Program Files\Microsoft SQL Server\Client SDK\ODBC\170\Tools\Binn\;C:\Program Files\dotnet\;C:\Program Files (x86)\Microsoft SQL Server\160\Tools\Binn\;C:\Program Files\Microsoft SQL Server\160\Tools\Binn\;C:\Program Files\Microsoft SQL Server\160\DTS\Binn\;C:\Program Files (x86)\Microsoft SQL Server\160\DTS\Binn\;C:\Program Files\NVIDIA Corporation\NVIDIA app\NvDLISR;C:\Users\luise\AppData\Local\Programs\Python\Launcher\;C:\Users\luise\AppData\Local\Microsoft\WindowsApps;C:\Users\luise\AppData\Local\Programs\Microsoft VS Code\bin;C:\Users\luise\AppData\Local\GitHubDesktop\bin;C:\Users\luise\.dotnet\tools;;."/>
    <property name="java.vm.info" value="mixed mode, sharing"/>
    <property name="java.vendor" value="Oracle Corporation"/>
    <property name="java.vm.version" value="17.0.2+8-86"/>
    <property name="sun.io.unicode.encoding" value="UnicodeLittle"/>
    <property name="java.class.version" value="61.0"/>
  </properties>
  <testcase name="calcularComision_ValorLimiteInferiorSegundoRango" classname="cr.go.ucr.examen1.ComisionVentaTest" time="0.087"/>
  <testcase name="testGettersAndSetters" classname="cr.go.ucr.examen1.ComisionVentaTest" time="0.002"/>
  <testcase name="calcularComision_LimiteInferiorPrimerRango" classname="cr.go.ucr.examen1.ComisionVentaTest" time="0.003"/>
  <testcase name="calcularComision_CuartoRango" classname="cr.go.ucr.examen1.ComisionVentaTest" time="0.002"/>
  <testcase name="calcularComision_ValorNegativoCajaBlanca" classname="cr.go.ucr.examen1.ComisionVentaTest" time="0.002"/>
  <testcase name="calcularComision_LimiteSuperiorUltimoRango" classname="cr.go.ucr.examen1.ComisionVentaTest" time="0.002"/>
  <testcase name="calcularComision_LimitesExactos" classname="cr.go.ucr.examen1.ComisionVentaTest" time="0.003"/>
  <testcase name="calcularComision_FueraDeRango" classname="cr.go.ucr.examen1.ComisionVentaTest" time="0.001"/>
  <testcase name="calcularComision_ValorNulo" classname="cr.go.ucr.examen1.ComisionVentaTest" time="0.001"/>
  <testcase name="calcularComision_LimiteTercerRango" classname="cr.go.ucr.examen1.ComisionVentaTest" time="0.003"/>
  <testcase name="calcularComision_LimiteSegundoRango" classname="cr.go.ucr.examen1.ComisionVentaTest" time="0.002"/>
  <testcase name="calcularComision_MontoFueraDeRangos" classname="cr.go.ucr.examen1.ComisionVentaTest" time="0.003"/>
  <testcase name="calcularComision_PrimerRango" classname="cr.go.ucr.examen1.ComisionVentaTest" time="0.001"/>
  <testcase name="calcularComision_TercerRango" classname="cr.go.ucr.examen1.ComisionVentaTest" time="0.002"/>
  <testcase name="calcularComision_ValorNegativo" classname="cr.go.ucr.examen1.ComisionVentaTest" time="0.002"/>
  <testcase name="calcularComision_ValorNoCoincideConRangos" classname="cr.go.ucr.examen1.ComisionVentaTest" time="0.003"/>
  <testcase name="calcularComision_ClaseValida" classname="cr.go.ucr.examen1.ComisionVentaTest" time="0.003"/>
  <testcase name="calcularComision_ValorLimiteSuperiorPrimerRango" classname="cr.go.ucr.examen1.ComisionVentaTest" time="0.001"/>
  <testcase name="calcularComision_ValorExcesivo" classname="cr.go.ucr.examen1.ComisionVentaTest" time="0.001"/>
  <testcase name="calcularComision_SegundoRango" classname="cr.go.ucr.examen1.ComisionVentaTest" time="0.001"/>
</testsuite>